<?xml version="1.0" encoding="UTF-8"?>
<!-- Generated by org.testng.reporters.JUnitReportReporter -->
<testsuite hostname="LTIN509551" failures="0" tests="7" name="testRunner.testRunner" time="386.651" errors="0" timestamp="2024-04-17T22:58:26 IST" skipped="0">
  <testcase classname="testRunner.testRunner" name="runScenario" time="86.277"/>
  <testcase classname="testRunner.testRunner" name="runScenario" time="51.146"/>
  <testcase classname="testRunner.testRunner" name="runScenario" time="58.169"/>
  <testcase classname="testRunner.testRunner" name="runScenario" time="46.888"/>
  <testcase classname="testRunner.testRunner" name="runScenario" time="43.063"/>
  <testcase classname="testRunner.testRunner" name="runScenario" time="49.029"/>
  <testcase classname="testRunner.testRunner" name="runScenario" time="52.079"/>
</testsuite> <!-- testRunner.testRunner -->
